<?xml version="1.0" encoding="utf-8" standalone="no"?>
<!--This file represents the results of running a test suite-->
<test-results name="C:\Users\arya.vinodkumar\Documents\CSharp\MVC\Individual Project\BookSaleWebsite\UnitTest\bin\Debug\UnitTest.dll" total="2" errors="0" failures="0" not-run="0" inconclusive="0" ignored="0" skipped="0" invalid="0" date="2017-03-29" time="11:56:41">
  <environment nunit-version="2.6.4.14350" clr-version="2.0.50727.5485" os-version="Microsoft Windows NT 6.1.7601 Service Pack 1" platform="Win32NT" cwd="C:\Users\arya.vinodkumar\Documents\CSharp\MVC\Individual Project\BookSaleWebsite\OpenCover\472e6c8d-03b0-4fa6-a99f-a6a9dc17fcc9" machine-name="TRNLDS12527" user="arya.vinodkumar" user-domain="FDMGROUP" />
  <culture-info current-culture="en-GB" current-uiculture="en-US" />
  <test-suite type="Assembly" name="C:\Users\arya.vinodkumar\Documents\CSharp\MVC\Individual Project\BookSaleWebsite\UnitTest\bin\Debug\UnitTest.dll" executed="True" result="Success" success="True" time="0.760" asserts="0">
    <results>
      <test-suite type="Namespace" name="UnitTest" executed="True" result="Success" success="True" time="0.755" asserts="0">
        <results>
          <test-suite type="TestFixture" name="EFTests" executed="True" result="Success" success="True" time="0.746" asserts="0">
            <results>
              <test-case name="UnitTest.EFTests.Test_Add_ReturnNewAddedProduct_WhenCalled" executed="True" result="Success" success="True" time="0.706" asserts="0" />
              <test-case name="UnitTest.EFTests.Test_GetAll_ReturnProductTitle_WhenCalled" executed="True" result="Success" success="True" time="0.019" asserts="1" />
            </results>
          </test-suite>
        </results>
      </test-suite>
    </results>
  </test-suite>
</test-results>